<?xml version="1.0" encoding="UTF-8"?>
<!-- Generated by org.testng.reporters.JUnitReportReporter -->
<testsuite skipped="0" hostname="LAPTOP-DUISMC2A" name="com.example.restassuredproject.testClasses.TestCaseForGetOTPForSignUp" tests="1" failures="0" timestamp="07 Feb 2022 15:11:58 GMT" time="0.095" errors="0">
  <testcase name="getOTPForSignUpTest" time="0.095" classname="com.example.restassuredproject.testClasses.TestCaseForGetOTPForSignUp"/>
</testsuite> <!-- com.example.restassuredproject.testClasses.TestCaseForGetOTPForSignUp -->
